[2023-06-21T04:01:36.812+0000] {taskinstance.py:1090} INFO - Dependencies all met for dep_context=non-requeueable deps ti=<TaskInstance: showpulse_dbt_dag.dbt_run scheduled__2023-06-21T04:00:33.031705+00:00 [queued]>
[2023-06-21T04:01:36.818+0000] {taskinstance.py:1090} INFO - Dependencies all met for dep_context=requeueable deps ti=<TaskInstance: showpulse_dbt_dag.dbt_run scheduled__2023-06-21T04:00:33.031705+00:00 [queued]>
[2023-06-21T04:01:36.818+0000] {taskinstance.py:1288} INFO - 
--------------------------------------------------------------------------------
[2023-06-21T04:01:36.819+0000] {taskinstance.py:1289} INFO - Starting attempt 1 of 1
[2023-06-21T04:01:36.819+0000] {taskinstance.py:1290} INFO - 
--------------------------------------------------------------------------------
[2023-06-21T04:01:36.827+0000] {taskinstance.py:1309} INFO - Executing <Task(BashOperator): dbt_run> on 2023-06-21 04:00:33.031705+00:00
[2023-06-21T04:01:36.831+0000] {standard_task_runner.py:55} INFO - Started process 2790 to run task
[2023-06-21T04:01:36.834+0000] {standard_task_runner.py:82} INFO - Running: ['***', 'tasks', 'run', 'showpulse_dbt_dag', 'dbt_run', 'scheduled__2023-06-21T04:00:33.031705+00:00', '--job-id', '630', '--raw', '--subdir', 'DAGS_FOLDER/dbt_run.py', '--cfg-path', '/tmp/tmpbxj8el3j']
[2023-06-21T04:01:36.835+0000] {standard_task_runner.py:83} INFO - Job 630: Subtask dbt_run
[2023-06-21T04:01:36.889+0000] {task_command.py:389} INFO - Running <TaskInstance: showpulse_dbt_dag.dbt_run scheduled__2023-06-21T04:00:33.031705+00:00 [running]> on host 62cfed75eae1
[2023-06-21T04:01:36.941+0000] {taskinstance.py:1518} INFO - Exporting the following env vars:
AIRFLOW_CTX_DAG_OWNER=nburkett
AIRFLOW_CTX_DAG_ID=showpulse_dbt_dag
AIRFLOW_CTX_TASK_ID=dbt_run
AIRFLOW_CTX_EXECUTION_DATE=2023-06-21T04:00:33.031705+00:00
AIRFLOW_CTX_TRY_NUMBER=1
AIRFLOW_CTX_DAG_RUN_ID=scheduled__2023-06-21T04:00:33.031705+00:00
[2023-06-21T04:01:36.943+0000] {subprocess.py:63} INFO - Tmp dir root location: 
 /tmp
[2023-06-21T04:01:36.944+0000] {subprocess.py:75} INFO - Running command: ['/bin/bash', '-c', 'cd /dbt/ticketmaster_transformation && dbt run']
[2023-06-21T04:01:36.952+0000] {subprocess.py:86} INFO - Output:
[2023-06-21T04:01:38.342+0000] {subprocess.py:93} INFO - [0m04:01:38  Running with dbt=1.5.1
[2023-06-21T04:01:38.883+0000] {subprocess.py:93} INFO - [0m04:01:38  Found 4 models, 0 tests, 0 snapshots, 0 analyses, 356 macros, 0 operations, 0 seed files, 3 sources, 0 exposures, 0 metrics, 0 groups
[2023-06-21T04:01:38.886+0000] {subprocess.py:93} INFO - [0m04:01:38
[2023-06-21T04:18:57.070+0000] {subprocess.py:93} INFO - [0m04:18:57
[2023-06-21T04:18:57.072+0000] {subprocess.py:93} INFO - [0m04:18:57  Finished running  in 0 hours 17 minutes and 18.18 seconds (1038.18s).
[2023-06-21T04:18:57.073+0000] {subprocess.py:93} INFO - [0m04:18:57  Encountered an error:
[2023-06-21T04:18:57.074+0000] {subprocess.py:93} INFO - Deadline of 600.0s exceeded while calling target function, last exception: ('Connection aborted.', RemoteDisconnected('Remote end closed connection without response'))
[2023-06-21T04:18:57.084+0000] {subprocess.py:93} INFO - [0m04:18:57  Traceback (most recent call last):
[2023-06-21T04:18:57.084+0000] {subprocess.py:93} INFO -   File "/home/***/.local/lib/python3.7/site-packages/urllib3/connectionpool.py", line 710, in urlopen
[2023-06-21T04:18:57.085+0000] {subprocess.py:93} INFO -     chunked=chunked,
[2023-06-21T04:18:57.085+0000] {subprocess.py:93} INFO -   File "/home/***/.local/lib/python3.7/site-packages/urllib3/connectionpool.py", line 449, in _make_request
[2023-06-21T04:18:57.086+0000] {subprocess.py:93} INFO -     six.raise_from(e, None)
[2023-06-21T04:18:57.086+0000] {subprocess.py:93} INFO -   File "<string>", line 3, in raise_from
[2023-06-21T04:18:57.086+0000] {subprocess.py:93} INFO -   File "/home/***/.local/lib/python3.7/site-packages/urllib3/connectionpool.py", line 444, in _make_request
[2023-06-21T04:18:57.087+0000] {subprocess.py:93} INFO -     httplib_response = conn.getresponse()
[2023-06-21T04:18:57.087+0000] {subprocess.py:93} INFO -   File "/usr/local/lib/python3.7/http/client.py", line 1373, in getresponse
[2023-06-21T04:18:57.088+0000] {subprocess.py:93} INFO -     response.begin()
[2023-06-21T04:18:57.088+0000] {subprocess.py:93} INFO -   File "/usr/local/lib/python3.7/http/client.py", line 319, in begin
[2023-06-21T04:18:57.089+0000] {subprocess.py:93} INFO -     version, status, reason = self._read_status()
[2023-06-21T04:18:57.089+0000] {subprocess.py:93} INFO -   File "/usr/local/lib/python3.7/http/client.py", line 288, in _read_status
[2023-06-21T04:18:57.090+0000] {subprocess.py:93} INFO -     raise RemoteDisconnected("Remote end closed connection without"
[2023-06-21T04:18:57.090+0000] {subprocess.py:93} INFO - http.client.RemoteDisconnected: Remote end closed connection without response
[2023-06-21T04:18:57.091+0000] {subprocess.py:93} INFO - 
[2023-06-21T04:18:57.091+0000] {subprocess.py:93} INFO - During handling of the above exception, another exception occurred:
[2023-06-21T04:18:57.092+0000] {subprocess.py:93} INFO - 
[2023-06-21T04:18:57.092+0000] {subprocess.py:93} INFO - Traceback (most recent call last):
[2023-06-21T04:18:57.093+0000] {subprocess.py:93} INFO -   File "/home/***/.local/lib/python3.7/site-packages/requests/adapters.py", line 499, in send
[2023-06-21T04:18:57.093+0000] {subprocess.py:93} INFO -     timeout=timeout,
[2023-06-21T04:18:57.093+0000] {subprocess.py:93} INFO -   File "/home/***/.local/lib/python3.7/site-packages/urllib3/connectionpool.py", line 788, in urlopen
[2023-06-21T04:18:57.094+0000] {subprocess.py:93} INFO -     method, url, error=e, _pool=self, _stacktrace=sys.exc_info()[2]
[2023-06-21T04:18:57.094+0000] {subprocess.py:93} INFO -   File "/home/***/.local/lib/python3.7/site-packages/urllib3/util/retry.py", line 550, in increment
[2023-06-21T04:18:57.095+0000] {subprocess.py:93} INFO -     raise six.reraise(type(error), error, _stacktrace)
[2023-06-21T04:18:57.095+0000] {subprocess.py:93} INFO -   File "/home/***/.local/lib/python3.7/site-packages/urllib3/packages/six.py", line 769, in reraise
[2023-06-21T04:18:57.095+0000] {subprocess.py:93} INFO -     raise value.with_traceback(tb)
[2023-06-21T04:18:57.096+0000] {subprocess.py:93} INFO -   File "/home/***/.local/lib/python3.7/site-packages/urllib3/connectionpool.py", line 710, in urlopen
[2023-06-21T04:18:57.096+0000] {subprocess.py:93} INFO -     chunked=chunked,
[2023-06-21T04:18:57.096+0000] {subprocess.py:93} INFO -   File "/home/***/.local/lib/python3.7/site-packages/urllib3/connectionpool.py", line 449, in _make_request
[2023-06-21T04:18:57.096+0000] {subprocess.py:93} INFO -     six.raise_from(e, None)
[2023-06-21T04:18:57.097+0000] {subprocess.py:93} INFO -   File "<string>", line 3, in raise_from
[2023-06-21T04:18:57.097+0000] {subprocess.py:93} INFO -   File "/home/***/.local/lib/python3.7/site-packages/urllib3/connectionpool.py", line 444, in _make_request
[2023-06-21T04:18:57.097+0000] {subprocess.py:93} INFO -     httplib_response = conn.getresponse()
[2023-06-21T04:18:57.098+0000] {subprocess.py:93} INFO -   File "/usr/local/lib/python3.7/http/client.py", line 1373, in getresponse
[2023-06-21T04:18:57.098+0000] {subprocess.py:93} INFO -     response.begin()
[2023-06-21T04:18:57.098+0000] {subprocess.py:93} INFO -   File "/usr/local/lib/python3.7/http/client.py", line 319, in begin
[2023-06-21T04:18:57.098+0000] {subprocess.py:93} INFO -     version, status, reason = self._read_status()
[2023-06-21T04:18:57.099+0000] {subprocess.py:93} INFO -   File "/usr/local/lib/python3.7/http/client.py", line 288, in _read_status
[2023-06-21T04:18:57.099+0000] {subprocess.py:93} INFO -     raise RemoteDisconnected("Remote end closed connection without"
[2023-06-21T04:18:57.099+0000] {subprocess.py:93} INFO - urllib3.exceptions.ProtocolError: ('Connection aborted.', RemoteDisconnected('Remote end closed connection without response'))
[2023-06-21T04:18:57.100+0000] {subprocess.py:93} INFO - 
[2023-06-21T04:18:57.100+0000] {subprocess.py:93} INFO - During handling of the above exception, another exception occurred:
[2023-06-21T04:18:57.100+0000] {subprocess.py:93} INFO - 
[2023-06-21T04:18:57.101+0000] {subprocess.py:93} INFO - Traceback (most recent call last):
[2023-06-21T04:18:57.101+0000] {subprocess.py:93} INFO -   File "/home/***/.local/lib/python3.7/site-packages/google/auth/transport/requests.py", line 194, in __call__
[2023-06-21T04:18:57.101+0000] {subprocess.py:93} INFO -     method, url, data=body, headers=headers, timeout=timeout, **kwargs
[2023-06-21T04:18:57.101+0000] {subprocess.py:93} INFO -   File "/home/***/.local/lib/python3.7/site-packages/requests/sessions.py", line 587, in request
[2023-06-21T04:18:57.102+0000] {subprocess.py:93} INFO -     resp = self.send(prep, **send_kwargs)
[2023-06-21T04:18:57.102+0000] {subprocess.py:93} INFO -   File "/home/***/.local/lib/python3.7/site-packages/requests/sessions.py", line 701, in send
[2023-06-21T04:18:57.102+0000] {subprocess.py:93} INFO -     r = adapter.send(request, **kwargs)
[2023-06-21T04:18:57.103+0000] {subprocess.py:93} INFO -   File "/home/***/.local/lib/python3.7/site-packages/requests/adapters.py", line 547, in send
[2023-06-21T04:18:57.103+0000] {subprocess.py:93} INFO -     raise ConnectionError(err, request=request)
[2023-06-21T04:18:57.103+0000] {subprocess.py:93} INFO - requests.exceptions.ConnectionError: ('Connection aborted.', RemoteDisconnected('Remote end closed connection without response'))
[2023-06-21T04:18:57.104+0000] {subprocess.py:93} INFO - 
[2023-06-21T04:18:57.104+0000] {subprocess.py:93} INFO - The above exception was the direct cause of the following exception:
[2023-06-21T04:18:57.104+0000] {subprocess.py:93} INFO - 
[2023-06-21T04:18:57.105+0000] {subprocess.py:93} INFO - Traceback (most recent call last):
[2023-06-21T04:18:57.105+0000] {subprocess.py:93} INFO -   File "/home/***/.local/lib/python3.7/site-packages/google/api_core/retry.py", line 190, in retry_target
[2023-06-21T04:18:57.105+0000] {subprocess.py:93} INFO -     return target()
[2023-06-21T04:18:57.106+0000] {subprocess.py:93} INFO -   File "/home/***/.local/lib/python3.7/site-packages/google/cloud/_http/__init__.py", line 490, in api_request
[2023-06-21T04:18:57.106+0000] {subprocess.py:93} INFO -     extra_api_info=extra_api_info,
[2023-06-21T04:18:57.106+0000] {subprocess.py:93} INFO -   File "/home/***/.local/lib/python3.7/site-packages/google/cloud/_http/__init__.py", line 342, in _make_request
[2023-06-21T04:18:57.106+0000] {subprocess.py:93} INFO -     method, url, headers, data, target_object, timeout=timeout
[2023-06-21T04:18:57.107+0000] {subprocess.py:93} INFO -   File "/home/***/.local/lib/python3.7/site-packages/google/cloud/_http/__init__.py", line 380, in _do_request
[2023-06-21T04:18:57.107+0000] {subprocess.py:93} INFO -     url=url, method=method, headers=headers, data=data, timeout=timeout
[2023-06-21T04:18:57.107+0000] {subprocess.py:93} INFO -   File "/home/***/.local/lib/python3.7/site-packages/google/auth/transport/requests.py", line 545, in request
[2023-06-21T04:18:57.108+0000] {subprocess.py:93} INFO -     self.credentials.before_request(auth_request, method, url, request_headers)
[2023-06-21T04:18:57.108+0000] {subprocess.py:93} INFO -   File "/home/***/.local/lib/python3.7/site-packages/google/auth/credentials.py", line 135, in before_request
[2023-06-21T04:18:57.108+0000] {subprocess.py:93} INFO -     self.refresh(request)
[2023-06-21T04:18:57.109+0000] {subprocess.py:93} INFO -   File "/home/***/.local/lib/python3.7/site-packages/google/oauth2/service_account.py", line 430, in refresh
[2023-06-21T04:18:57.109+0000] {subprocess.py:93} INFO -     request, self._token_uri, assertion
[2023-06-21T04:18:57.109+0000] {subprocess.py:93} INFO -   File "/home/***/.local/lib/python3.7/site-packages/google/oauth2/_client.py", line 304, in jwt_grant
[2023-06-21T04:18:57.110+0000] {subprocess.py:93} INFO -     request, token_uri, body, can_retry=can_retry
[2023-06-21T04:18:57.110+0000] {subprocess.py:93} INFO -   File "/home/***/.local/lib/python3.7/site-packages/google/oauth2/_client.py", line 271, in _token_endpoint_request
[2023-06-21T04:18:57.110+0000] {subprocess.py:93} INFO -     **kwargs
[2023-06-21T04:18:57.111+0000] {subprocess.py:93} INFO -   File "/home/***/.local/lib/python3.7/site-packages/google/oauth2/_client.py", line 213, in _token_endpoint_request_no_throw
[2023-06-21T04:18:57.111+0000] {subprocess.py:93} INFO -     request_succeeded, response_data, retryable_error = _perform_request()
[2023-06-21T04:18:57.112+0000] {subprocess.py:93} INFO -   File "/home/***/.local/lib/python3.7/site-packages/google/oauth2/_client.py", line 190, in _perform_request
[2023-06-21T04:18:57.112+0000] {subprocess.py:93} INFO -     method="POST", url=token_uri, headers=headers, body=body, **kwargs
[2023-06-21T04:18:57.112+0000] {subprocess.py:93} INFO -   File "/home/***/.local/lib/python3.7/site-packages/google/auth/transport/requests.py", line 199, in __call__
[2023-06-21T04:18:57.113+0000] {subprocess.py:93} INFO -     six.raise_from(new_exc, caught_exc)
[2023-06-21T04:18:57.113+0000] {subprocess.py:93} INFO -   File "<string>", line 3, in raise_from
[2023-06-21T04:18:57.113+0000] {subprocess.py:93} INFO - google.auth.exceptions.TransportError: ('Connection aborted.', RemoteDisconnected('Remote end closed connection without response'))
[2023-06-21T04:18:57.114+0000] {subprocess.py:93} INFO - 
[2023-06-21T04:18:57.114+0000] {subprocess.py:93} INFO - The above exception was the direct cause of the following exception:
[2023-06-21T04:18:57.114+0000] {subprocess.py:93} INFO - 
[2023-06-21T04:18:57.115+0000] {subprocess.py:93} INFO - Traceback (most recent call last):
[2023-06-21T04:18:57.115+0000] {subprocess.py:93} INFO -   File "/home/***/.local/lib/python3.7/site-packages/dbt/cli/requires.py", line 86, in wrapper
[2023-06-21T04:18:57.115+0000] {subprocess.py:93} INFO -     result, success = func(*args, **kwargs)
[2023-06-21T04:18:57.116+0000] {subprocess.py:93} INFO -   File "/home/***/.local/lib/python3.7/site-packages/dbt/cli/requires.py", line 71, in wrapper
[2023-06-21T04:18:57.116+0000] {subprocess.py:93} INFO -     return func(*args, **kwargs)
[2023-06-21T04:18:57.116+0000] {subprocess.py:93} INFO -   File "/home/***/.local/lib/python3.7/site-packages/dbt/cli/requires.py", line 142, in wrapper
[2023-06-21T04:18:57.117+0000] {subprocess.py:93} INFO -     return func(*args, **kwargs)
[2023-06-21T04:18:57.117+0000] {subprocess.py:93} INFO -   File "/home/***/.local/lib/python3.7/site-packages/dbt/cli/requires.py", line 168, in wrapper
[2023-06-21T04:18:57.117+0000] {subprocess.py:93} INFO -     return func(*args, **kwargs)
[2023-06-21T04:18:57.118+0000] {subprocess.py:93} INFO -   File "/home/***/.local/lib/python3.7/site-packages/dbt/cli/requires.py", line 215, in wrapper
[2023-06-21T04:18:57.118+0000] {subprocess.py:93} INFO -     return func(*args, **kwargs)
[2023-06-21T04:18:57.118+0000] {subprocess.py:93} INFO -   File "/home/***/.local/lib/python3.7/site-packages/dbt/cli/requires.py", line 250, in wrapper
[2023-06-21T04:18:57.119+0000] {subprocess.py:93} INFO -     return func(*args, **kwargs)
[2023-06-21T04:18:57.119+0000] {subprocess.py:93} INFO -   File "/home/***/.local/lib/python3.7/site-packages/dbt/cli/main.py", line 565, in run
[2023-06-21T04:18:57.119+0000] {subprocess.py:93} INFO -     results = task.run()
[2023-06-21T04:18:57.120+0000] {subprocess.py:93} INFO -   File "/home/***/.local/lib/python3.7/site-packages/dbt/task/runnable.py", line 441, in run
[2023-06-21T04:18:57.120+0000] {subprocess.py:93} INFO -     result = self.execute_with_hooks(selected_uids)
[2023-06-21T04:18:57.120+0000] {subprocess.py:93} INFO -   File "/home/***/.local/lib/python3.7/site-packages/dbt/task/runnable.py", line 403, in execute_with_hooks
[2023-06-21T04:18:57.120+0000] {subprocess.py:93} INFO -     self.before_run(adapter, selected_uids)
[2023-06-21T04:18:57.121+0000] {subprocess.py:93} INFO -   File "/home/***/.local/lib/python3.7/site-packages/dbt/task/run.py", line 447, in before_run
[2023-06-21T04:18:57.121+0000] {subprocess.py:93} INFO -     self.populate_adapter_cache(adapter, required_schemas)
[2023-06-21T04:18:57.121+0000] {subprocess.py:93} INFO -   File "/home/***/.local/lib/python3.7/site-packages/dbt/task/runnable.py", line 381, in populate_adapter_cache
[2023-06-21T04:18:57.122+0000] {subprocess.py:93} INFO -     adapter.set_relations_cache(self.manifest)
[2023-06-21T04:18:57.122+0000] {subprocess.py:93} INFO -   File "/home/***/.local/lib/python3.7/site-packages/dbt/adapters/base/impl.py", line 461, in set_relations_cache
[2023-06-21T04:18:57.123+0000] {subprocess.py:93} INFO -     self._relations_cache_for_schemas(manifest, required_schemas)
[2023-06-21T04:18:57.123+0000] {subprocess.py:93} INFO -   File "/home/***/.local/lib/python3.7/site-packages/dbt/adapters/base/impl.py", line 438, in _relations_cache_for_schemas
[2023-06-21T04:18:57.123+0000] {subprocess.py:93} INFO -     for relation in future.result():
[2023-06-21T04:18:57.124+0000] {subprocess.py:93} INFO -   File "/usr/local/lib/python3.7/concurrent/futures/_base.py", line 428, in result
[2023-06-21T04:18:57.124+0000] {subprocess.py:93} INFO -     return self.__get_result()
[2023-06-21T04:18:57.124+0000] {subprocess.py:93} INFO -   File "/usr/local/lib/python3.7/concurrent/futures/_base.py", line 384, in __get_result
[2023-06-21T04:18:57.125+0000] {subprocess.py:93} INFO -     raise self._exception
[2023-06-21T04:18:57.125+0000] {subprocess.py:93} INFO -   File "/usr/local/lib/python3.7/concurrent/futures/thread.py", line 57, in run
[2023-06-21T04:18:57.125+0000] {subprocess.py:93} INFO -     result = self.fn(*self.args, **self.kwargs)
[2023-06-21T04:18:57.126+0000] {subprocess.py:93} INFO -   File "/home/***/.local/lib/python3.7/site-packages/dbt/utils.py", line 464, in connected
[2023-06-21T04:18:57.126+0000] {subprocess.py:93} INFO -     return func(*args, **kwargs)
[2023-06-21T04:18:57.126+0000] {subprocess.py:93} INFO -   File "/home/***/.local/lib/python3.7/site-packages/dbt/adapters/bigquery/impl.py", line 338, in list_relations_without_caching
[2023-06-21T04:18:57.127+0000] {subprocess.py:93} INFO -     return [self._bq_table_to_relation(table) for table in all_tables]  # type: ignore[misc]
[2023-06-21T04:18:57.127+0000] {subprocess.py:93} INFO -   File "/home/***/.local/lib/python3.7/site-packages/dbt/adapters/bigquery/impl.py", line 338, in <listcomp>
[2023-06-21T04:18:57.127+0000] {subprocess.py:93} INFO -     return [self._bq_table_to_relation(table) for table in all_tables]  # type: ignore[misc]
[2023-06-21T04:18:57.128+0000] {subprocess.py:93} INFO -   File "/home/***/.local/lib/python3.7/site-packages/google/api_core/page_iterator.py", line 208, in _items_iter
[2023-06-21T04:18:57.128+0000] {subprocess.py:93} INFO -     for page in self._page_iter(increment=False):
[2023-06-21T04:18:57.128+0000] {subprocess.py:93} INFO -   File "/home/***/.local/lib/python3.7/site-packages/google/api_core/page_iterator.py", line 244, in _page_iter
[2023-06-21T04:18:57.129+0000] {subprocess.py:93} INFO -     page = self._next_page()
[2023-06-21T04:18:57.129+0000] {subprocess.py:93} INFO -   File "/home/***/.local/lib/python3.7/site-packages/google/api_core/page_iterator.py", line 373, in _next_page
[2023-06-21T04:18:57.129+0000] {subprocess.py:93} INFO -     response = self._get_next_page_response()
[2023-06-21T04:18:57.130+0000] {subprocess.py:93} INFO -   File "/home/***/.local/lib/python3.7/site-packages/google/api_core/page_iterator.py", line 433, in _get_next_page_response
[2023-06-21T04:18:57.130+0000] {subprocess.py:93} INFO -     method=self._HTTP_METHOD, path=self.path, query_params=params
[2023-06-21T04:18:57.130+0000] {subprocess.py:93} INFO -   File "/home/***/.local/lib/python3.7/site-packages/google/cloud/bigquery/client.py", line 1531, in api_request
[2023-06-21T04:18:57.131+0000] {subprocess.py:93} INFO -     **kwargs,
[2023-06-21T04:18:57.131+0000] {subprocess.py:93} INFO -   File "/home/***/.local/lib/python3.7/site-packages/google/cloud/bigquery/client.py", line 782, in _call_api
[2023-06-21T04:18:57.131+0000] {subprocess.py:93} INFO -     return call()
[2023-06-21T04:18:57.132+0000] {subprocess.py:93} INFO -   File "/home/***/.local/lib/python3.7/site-packages/google/api_core/retry.py", line 288, in retry_wrapped_func
[2023-06-21T04:18:57.132+0000] {subprocess.py:93} INFO -     on_error=on_error,
[2023-06-21T04:18:57.133+0000] {subprocess.py:93} INFO -   File "/home/***/.local/lib/python3.7/site-packages/google/api_core/retry.py", line 210, in retry_target
[2023-06-21T04:18:57.133+0000] {subprocess.py:93} INFO -     ) from last_exc
[2023-06-21T04:18:57.133+0000] {subprocess.py:93} INFO - google.api_core.exceptions.RetryError: Deadline of 600.0s exceeded while calling target function, last exception: ('Connection aborted.', RemoteDisconnected('Remote end closed connection without response'))
[2023-06-21T04:18:57.134+0000] {subprocess.py:93} INFO - 
[2023-06-21T04:18:57.600+0000] {subprocess.py:97} INFO - Command exited with return code 2
[2023-06-21T04:18:57.616+0000] {taskinstance.py:1776} ERROR - Task failed with exception
Traceback (most recent call last):
  File "/home/airflow/.local/lib/python3.7/site-packages/airflow/operators/bash.py", line 197, in execute
    f"Bash command failed. The command returned a non-zero exit code {result.exit_code}."
airflow.exceptions.AirflowException: Bash command failed. The command returned a non-zero exit code 2.
[2023-06-21T04:18:57.621+0000] {taskinstance.py:1332} INFO - Marking task as FAILED. dag_id=showpulse_dbt_dag, task_id=dbt_run, execution_date=20230621T040033, start_date=20230621T040136, end_date=20230621T041857
[2023-06-21T04:18:57.633+0000] {standard_task_runner.py:105} ERROR - Failed to execute job 630 for task dbt_run (Bash command failed. The command returned a non-zero exit code 2.; 2790)
[2023-06-21T04:18:57.656+0000] {local_task_job.py:212} INFO - Task exited with return code 1
[2023-06-21T04:18:57.672+0000] {taskinstance.py:2596} INFO - 0 downstream tasks scheduled from follow-on schedule check
