[2023-06-20T00:39:41.081+0000] {processor.py:153} INFO - Started process (PID=39) to work on /opt/airflow/dags/dbt_run.py
[2023-06-20T00:39:41.084+0000] {processor.py:743} INFO - Processing file /opt/airflow/dags/dbt_run.py for tasks to queue
[2023-06-20T00:39:41.085+0000] {logging_mixin.py:137} INFO - [2023-06-20T00:39:41.085+0000] {dagbag.py:532} INFO - Filling up the DagBag from /opt/airflow/dags/dbt_run.py
[2023-06-20T00:39:41.121+0000] {processor.py:753} INFO - DAG(s) dict_keys(['showpulse_dbt_dag']) retrieved from /opt/airflow/dags/dbt_run.py
[2023-06-20T00:39:41.170+0000] {logging_mixin.py:137} INFO - [2023-06-20T00:39:41.170+0000] {dag.py:2705} INFO - Sync 1 DAGs
[2023-06-20T00:39:41.216+0000] {processor.py:175} INFO - Processing /opt/airflow/dags/dbt_run.py took 0.138 seconds
[2023-06-20T00:40:11.266+0000] {processor.py:153} INFO - Started process (PID=52) to work on /opt/airflow/dags/dbt_run.py
[2023-06-20T00:40:11.270+0000] {processor.py:743} INFO - Processing file /opt/airflow/dags/dbt_run.py for tasks to queue
[2023-06-20T00:40:11.271+0000] {logging_mixin.py:137} INFO - [2023-06-20T00:40:11.271+0000] {dagbag.py:532} INFO - Filling up the DagBag from /opt/airflow/dags/dbt_run.py
[2023-06-20T00:40:11.295+0000] {processor.py:753} INFO - DAG(s) dict_keys(['showpulse_dbt_dag']) retrieved from /opt/airflow/dags/dbt_run.py
[2023-06-20T00:40:11.315+0000] {logging_mixin.py:137} INFO - [2023-06-20T00:40:11.314+0000] {dag.py:2705} INFO - Sync 1 DAGs
[2023-06-20T00:40:11.331+0000] {logging_mixin.py:137} INFO - [2023-06-20T00:40:11.331+0000] {dag.py:3456} INFO - Setting next_dagrun for showpulse_dbt_dag to 2023-06-20T00:00:00+00:00, run_after=2023-06-20T01:00:00+00:00
[2023-06-20T00:40:11.342+0000] {processor.py:175} INFO - Processing /opt/airflow/dags/dbt_run.py took 0.082 seconds
[2023-06-20T00:40:42.145+0000] {processor.py:153} INFO - Started process (PID=65) to work on /opt/airflow/dags/dbt_run.py
[2023-06-20T00:40:42.148+0000] {processor.py:743} INFO - Processing file /opt/airflow/dags/dbt_run.py for tasks to queue
[2023-06-20T00:40:42.149+0000] {logging_mixin.py:137} INFO - [2023-06-20T00:40:42.149+0000] {dagbag.py:532} INFO - Filling up the DagBag from /opt/airflow/dags/dbt_run.py
[2023-06-20T00:40:42.180+0000] {processor.py:753} INFO - DAG(s) dict_keys(['showpulse_dbt_dag']) retrieved from /opt/airflow/dags/dbt_run.py
[2023-06-20T00:40:42.209+0000] {logging_mixin.py:137} INFO - [2023-06-20T00:40:42.209+0000] {dag.py:2705} INFO - Sync 1 DAGs
[2023-06-20T00:40:42.226+0000] {logging_mixin.py:137} INFO - [2023-06-20T00:40:42.226+0000] {dag.py:3456} INFO - Setting next_dagrun for showpulse_dbt_dag to 2023-06-20T00:00:00+00:00, run_after=2023-06-20T01:00:00+00:00
[2023-06-20T00:40:42.238+0000] {processor.py:175} INFO - Processing /opt/airflow/dags/dbt_run.py took 0.100 seconds
[2023-06-20T00:41:13.088+0000] {processor.py:153} INFO - Started process (PID=78) to work on /opt/airflow/dags/dbt_run.py
[2023-06-20T00:41:13.090+0000] {processor.py:743} INFO - Processing file /opt/airflow/dags/dbt_run.py for tasks to queue
[2023-06-20T00:41:13.091+0000] {logging_mixin.py:137} INFO - [2023-06-20T00:41:13.091+0000] {dagbag.py:532} INFO - Filling up the DagBag from /opt/airflow/dags/dbt_run.py
[2023-06-20T00:41:13.116+0000] {processor.py:753} INFO - DAG(s) dict_keys(['showpulse_dbt_dag']) retrieved from /opt/airflow/dags/dbt_run.py
[2023-06-20T00:41:13.142+0000] {logging_mixin.py:137} INFO - [2023-06-20T00:41:13.141+0000] {dag.py:2705} INFO - Sync 1 DAGs
[2023-06-20T00:41:13.158+0000] {logging_mixin.py:137} INFO - [2023-06-20T00:41:13.158+0000] {dag.py:3456} INFO - Setting next_dagrun for showpulse_dbt_dag to 2023-06-20T00:00:00+00:00, run_after=2023-06-20T01:00:00+00:00
[2023-06-20T00:41:13.169+0000] {processor.py:175} INFO - Processing /opt/airflow/dags/dbt_run.py took 0.087 seconds
[2023-06-20T00:41:43.883+0000] {processor.py:153} INFO - Started process (PID=91) to work on /opt/airflow/dags/dbt_run.py
[2023-06-20T00:41:43.884+0000] {processor.py:743} INFO - Processing file /opt/airflow/dags/dbt_run.py for tasks to queue
[2023-06-20T00:41:43.886+0000] {logging_mixin.py:137} INFO - [2023-06-20T00:41:43.885+0000] {dagbag.py:532} INFO - Filling up the DagBag from /opt/airflow/dags/dbt_run.py
[2023-06-20T00:41:43.915+0000] {processor.py:753} INFO - DAG(s) dict_keys(['showpulse_dbt_dag']) retrieved from /opt/airflow/dags/dbt_run.py
[2023-06-20T00:41:43.967+0000] {logging_mixin.py:137} INFO - [2023-06-20T00:41:43.967+0000] {dag.py:2705} INFO - Sync 1 DAGs
[2023-06-20T00:41:44.005+0000] {logging_mixin.py:137} INFO - [2023-06-20T00:41:44.005+0000] {dag.py:3456} INFO - Setting next_dagrun for showpulse_dbt_dag to 2023-06-20T00:00:00+00:00, run_after=2023-06-20T01:00:00+00:00
[2023-06-20T00:41:44.020+0000] {processor.py:175} INFO - Processing /opt/airflow/dags/dbt_run.py took 0.141 seconds
[2023-06-20T00:42:14.133+0000] {processor.py:153} INFO - Started process (PID=104) to work on /opt/airflow/dags/dbt_run.py
[2023-06-20T00:42:14.136+0000] {processor.py:743} INFO - Processing file /opt/airflow/dags/dbt_run.py for tasks to queue
[2023-06-20T00:42:14.138+0000] {logging_mixin.py:137} INFO - [2023-06-20T00:42:14.137+0000] {dagbag.py:532} INFO - Filling up the DagBag from /opt/airflow/dags/dbt_run.py
[2023-06-20T00:42:14.172+0000] {processor.py:753} INFO - DAG(s) dict_keys(['showpulse_dbt_dag']) retrieved from /opt/airflow/dags/dbt_run.py
[2023-06-20T00:42:14.201+0000] {logging_mixin.py:137} INFO - [2023-06-20T00:42:14.201+0000] {dag.py:2705} INFO - Sync 1 DAGs
[2023-06-20T00:42:14.230+0000] {logging_mixin.py:137} INFO - [2023-06-20T00:42:14.230+0000] {dag.py:3456} INFO - Setting next_dagrun for showpulse_dbt_dag to 2023-06-20T00:00:00+00:00, run_after=2023-06-20T01:00:00+00:00
[2023-06-20T00:42:14.243+0000] {processor.py:175} INFO - Processing /opt/airflow/dags/dbt_run.py took 0.119 seconds
[2023-06-20T00:42:45.025+0000] {processor.py:153} INFO - Started process (PID=117) to work on /opt/airflow/dags/dbt_run.py
[2023-06-20T00:42:45.027+0000] {processor.py:743} INFO - Processing file /opt/airflow/dags/dbt_run.py for tasks to queue
[2023-06-20T00:42:45.029+0000] {logging_mixin.py:137} INFO - [2023-06-20T00:42:45.029+0000] {dagbag.py:532} INFO - Filling up the DagBag from /opt/airflow/dags/dbt_run.py
[2023-06-20T00:42:45.060+0000] {processor.py:753} INFO - DAG(s) dict_keys(['showpulse_dbt_dag']) retrieved from /opt/airflow/dags/dbt_run.py
[2023-06-20T00:42:45.116+0000] {logging_mixin.py:137} INFO - [2023-06-20T00:42:45.116+0000] {dag.py:2705} INFO - Sync 1 DAGs
[2023-06-20T00:42:45.156+0000] {logging_mixin.py:137} INFO - [2023-06-20T00:42:45.156+0000] {dag.py:3456} INFO - Setting next_dagrun for showpulse_dbt_dag to 2023-06-20T00:00:00+00:00, run_after=2023-06-20T01:00:00+00:00
[2023-06-20T00:42:45.201+0000] {processor.py:175} INFO - Processing /opt/airflow/dags/dbt_run.py took 0.183 seconds
[2023-06-20T00:43:16.033+0000] {processor.py:153} INFO - Started process (PID=130) to work on /opt/airflow/dags/dbt_run.py
[2023-06-20T00:43:16.038+0000] {processor.py:743} INFO - Processing file /opt/airflow/dags/dbt_run.py for tasks to queue
[2023-06-20T00:43:16.041+0000] {logging_mixin.py:137} INFO - [2023-06-20T00:43:16.040+0000] {dagbag.py:532} INFO - Filling up the DagBag from /opt/airflow/dags/dbt_run.py
[2023-06-20T00:43:16.084+0000] {processor.py:753} INFO - DAG(s) dict_keys(['showpulse_dbt_dag']) retrieved from /opt/airflow/dags/dbt_run.py
[2023-06-20T00:43:16.121+0000] {logging_mixin.py:137} INFO - [2023-06-20T00:43:16.121+0000] {dag.py:2705} INFO - Sync 1 DAGs
[2023-06-20T00:43:16.154+0000] {logging_mixin.py:137} INFO - [2023-06-20T00:43:16.154+0000] {dag.py:3456} INFO - Setting next_dagrun for showpulse_dbt_dag to 2023-06-20T00:00:00+00:00, run_after=2023-06-20T01:00:00+00:00
[2023-06-20T00:43:16.211+0000] {processor.py:175} INFO - Processing /opt/airflow/dags/dbt_run.py took 0.184 seconds
[2023-06-20T00:43:47.262+0000] {processor.py:153} INFO - Started process (PID=143) to work on /opt/airflow/dags/dbt_run.py
[2023-06-20T00:43:47.266+0000] {processor.py:743} INFO - Processing file /opt/airflow/dags/dbt_run.py for tasks to queue
[2023-06-20T00:43:47.269+0000] {logging_mixin.py:137} INFO - [2023-06-20T00:43:47.269+0000] {dagbag.py:532} INFO - Filling up the DagBag from /opt/airflow/dags/dbt_run.py
[2023-06-20T00:43:47.322+0000] {processor.py:753} INFO - DAG(s) dict_keys(['showpulse_dbt_dag']) retrieved from /opt/airflow/dags/dbt_run.py
[2023-06-20T00:43:47.357+0000] {logging_mixin.py:137} INFO - [2023-06-20T00:43:47.357+0000] {dag.py:2705} INFO - Sync 1 DAGs
[2023-06-20T00:43:47.386+0000] {logging_mixin.py:137} INFO - [2023-06-20T00:43:47.386+0000] {dag.py:3456} INFO - Setting next_dagrun for showpulse_dbt_dag to 2023-06-20T00:00:00+00:00, run_after=2023-06-20T01:00:00+00:00
[2023-06-20T00:43:47.400+0000] {processor.py:175} INFO - Processing /opt/airflow/dags/dbt_run.py took 0.147 seconds
[2023-06-20T00:44:18.200+0000] {processor.py:153} INFO - Started process (PID=156) to work on /opt/airflow/dags/dbt_run.py
[2023-06-20T00:44:18.201+0000] {processor.py:743} INFO - Processing file /opt/airflow/dags/dbt_run.py for tasks to queue
[2023-06-20T00:44:18.203+0000] {logging_mixin.py:137} INFO - [2023-06-20T00:44:18.202+0000] {dagbag.py:532} INFO - Filling up the DagBag from /opt/airflow/dags/dbt_run.py
[2023-06-20T00:44:18.229+0000] {processor.py:753} INFO - DAG(s) dict_keys(['showpulse_dbt_dag']) retrieved from /opt/airflow/dags/dbt_run.py
[2023-06-20T00:44:18.287+0000] {logging_mixin.py:137} INFO - [2023-06-20T00:44:18.287+0000] {dag.py:2705} INFO - Sync 1 DAGs
[2023-06-20T00:44:18.311+0000] {logging_mixin.py:137} INFO - [2023-06-20T00:44:18.311+0000] {dag.py:3456} INFO - Setting next_dagrun for showpulse_dbt_dag to 2023-06-20T00:00:00+00:00, run_after=2023-06-20T01:00:00+00:00
[2023-06-20T00:44:18.323+0000] {processor.py:175} INFO - Processing /opt/airflow/dags/dbt_run.py took 0.127 seconds
[2023-06-20T00:44:49.135+0000] {processor.py:153} INFO - Started process (PID=169) to work on /opt/airflow/dags/dbt_run.py
[2023-06-20T00:44:49.137+0000] {processor.py:743} INFO - Processing file /opt/airflow/dags/dbt_run.py for tasks to queue
[2023-06-20T00:44:49.138+0000] {logging_mixin.py:137} INFO - [2023-06-20T00:44:49.138+0000] {dagbag.py:532} INFO - Filling up the DagBag from /opt/airflow/dags/dbt_run.py
[2023-06-20T00:44:49.169+0000] {processor.py:753} INFO - DAG(s) dict_keys(['showpulse_dbt_dag']) retrieved from /opt/airflow/dags/dbt_run.py
[2023-06-20T00:44:49.194+0000] {logging_mixin.py:137} INFO - [2023-06-20T00:44:49.194+0000] {dag.py:2705} INFO - Sync 1 DAGs
[2023-06-20T00:44:49.215+0000] {logging_mixin.py:137} INFO - [2023-06-20T00:44:49.215+0000] {dag.py:3456} INFO - Setting next_dagrun for showpulse_dbt_dag to 2023-06-20T00:00:00+00:00, run_after=2023-06-20T01:00:00+00:00
[2023-06-20T00:44:49.227+0000] {processor.py:175} INFO - Processing /opt/airflow/dags/dbt_run.py took 0.096 seconds
[2023-06-20T00:45:19.276+0000] {processor.py:153} INFO - Started process (PID=182) to work on /opt/airflow/dags/dbt_run.py
[2023-06-20T00:45:19.279+0000] {processor.py:743} INFO - Processing file /opt/airflow/dags/dbt_run.py for tasks to queue
[2023-06-20T00:45:19.281+0000] {logging_mixin.py:137} INFO - [2023-06-20T00:45:19.280+0000] {dagbag.py:532} INFO - Filling up the DagBag from /opt/airflow/dags/dbt_run.py
[2023-06-20T00:45:19.310+0000] {processor.py:753} INFO - DAG(s) dict_keys(['showpulse_dbt_dag']) retrieved from /opt/airflow/dags/dbt_run.py
[2023-06-20T00:45:19.332+0000] {logging_mixin.py:137} INFO - [2023-06-20T00:45:19.332+0000] {dag.py:2705} INFO - Sync 1 DAGs
[2023-06-20T00:45:19.350+0000] {logging_mixin.py:137} INFO - [2023-06-20T00:45:19.350+0000] {dag.py:3456} INFO - Setting next_dagrun for showpulse_dbt_dag to 2023-06-20T00:00:00+00:00, run_after=2023-06-20T01:00:00+00:00
[2023-06-20T00:45:19.362+0000] {processor.py:175} INFO - Processing /opt/airflow/dags/dbt_run.py took 0.093 seconds
[2023-06-20T00:45:50.256+0000] {processor.py:153} INFO - Started process (PID=195) to work on /opt/airflow/dags/dbt_run.py
[2023-06-20T00:45:50.258+0000] {processor.py:743} INFO - Processing file /opt/airflow/dags/dbt_run.py for tasks to queue
[2023-06-20T00:45:50.259+0000] {logging_mixin.py:137} INFO - [2023-06-20T00:45:50.259+0000] {dagbag.py:532} INFO - Filling up the DagBag from /opt/airflow/dags/dbt_run.py
[2023-06-20T00:45:50.280+0000] {processor.py:753} INFO - DAG(s) dict_keys(['showpulse_dbt_dag']) retrieved from /opt/airflow/dags/dbt_run.py
[2023-06-20T00:45:50.305+0000] {logging_mixin.py:137} INFO - [2023-06-20T00:45:50.305+0000] {dag.py:2705} INFO - Sync 1 DAGs
[2023-06-20T00:45:50.326+0000] {logging_mixin.py:137} INFO - [2023-06-20T00:45:50.326+0000] {dag.py:3456} INFO - Setting next_dagrun for showpulse_dbt_dag to 2023-06-20T00:00:00+00:00, run_after=2023-06-20T01:00:00+00:00
[2023-06-20T00:45:50.342+0000] {processor.py:175} INFO - Processing /opt/airflow/dags/dbt_run.py took 0.089 seconds
[2023-06-20T00:46:21.285+0000] {processor.py:153} INFO - Started process (PID=208) to work on /opt/airflow/dags/dbt_run.py
[2023-06-20T00:46:21.289+0000] {processor.py:743} INFO - Processing file /opt/airflow/dags/dbt_run.py for tasks to queue
[2023-06-20T00:46:21.291+0000] {logging_mixin.py:137} INFO - [2023-06-20T00:46:21.290+0000] {dagbag.py:532} INFO - Filling up the DagBag from /opt/airflow/dags/dbt_run.py
[2023-06-20T00:46:21.321+0000] {processor.py:753} INFO - DAG(s) dict_keys(['showpulse_dbt_dag']) retrieved from /opt/airflow/dags/dbt_run.py
[2023-06-20T00:46:21.343+0000] {logging_mixin.py:137} INFO - [2023-06-20T00:46:21.343+0000] {dag.py:2705} INFO - Sync 1 DAGs
[2023-06-20T00:46:21.361+0000] {logging_mixin.py:137} INFO - [2023-06-20T00:46:21.361+0000] {dag.py:3456} INFO - Setting next_dagrun for showpulse_dbt_dag to 2023-06-20T00:00:00+00:00, run_after=2023-06-20T01:00:00+00:00
[2023-06-20T00:46:21.373+0000] {processor.py:175} INFO - Processing /opt/airflow/dags/dbt_run.py took 0.094 seconds
[2023-06-20T00:46:52.301+0000] {processor.py:153} INFO - Started process (PID=221) to work on /opt/airflow/dags/dbt_run.py
[2023-06-20T00:46:52.302+0000] {processor.py:743} INFO - Processing file /opt/airflow/dags/dbt_run.py for tasks to queue
[2023-06-20T00:46:52.303+0000] {logging_mixin.py:137} INFO - [2023-06-20T00:46:52.303+0000] {dagbag.py:532} INFO - Filling up the DagBag from /opt/airflow/dags/dbt_run.py
[2023-06-20T00:46:52.319+0000] {processor.py:753} INFO - DAG(s) dict_keys(['showpulse_dbt_dag']) retrieved from /opt/airflow/dags/dbt_run.py
[2023-06-20T00:46:52.339+0000] {logging_mixin.py:137} INFO - [2023-06-20T00:46:52.339+0000] {dag.py:2705} INFO - Sync 1 DAGs
[2023-06-20T00:46:52.357+0000] {logging_mixin.py:137} INFO - [2023-06-20T00:46:52.357+0000] {dag.py:3456} INFO - Setting next_dagrun for showpulse_dbt_dag to 2023-06-20T00:00:00+00:00, run_after=2023-06-20T01:00:00+00:00
[2023-06-20T00:46:52.369+0000] {processor.py:175} INFO - Processing /opt/airflow/dags/dbt_run.py took 0.071 seconds
[2023-06-20T00:47:23.319+0000] {processor.py:153} INFO - Started process (PID=234) to work on /opt/airflow/dags/dbt_run.py
[2023-06-20T00:47:23.323+0000] {processor.py:743} INFO - Processing file /opt/airflow/dags/dbt_run.py for tasks to queue
[2023-06-20T00:47:23.325+0000] {logging_mixin.py:137} INFO - [2023-06-20T00:47:23.325+0000] {dagbag.py:532} INFO - Filling up the DagBag from /opt/airflow/dags/dbt_run.py
[2023-06-20T00:47:23.353+0000] {processor.py:753} INFO - DAG(s) dict_keys(['showpulse_dbt_dag']) retrieved from /opt/airflow/dags/dbt_run.py
[2023-06-20T00:47:23.379+0000] {logging_mixin.py:137} INFO - [2023-06-20T00:47:23.379+0000] {dag.py:2705} INFO - Sync 1 DAGs
[2023-06-20T00:47:23.397+0000] {logging_mixin.py:137} INFO - [2023-06-20T00:47:23.397+0000] {dag.py:3456} INFO - Setting next_dagrun for showpulse_dbt_dag to 2023-06-20T00:00:00+00:00, run_after=2023-06-20T01:00:00+00:00
[2023-06-20T00:47:23.507+0000] {processor.py:175} INFO - Processing /opt/airflow/dags/dbt_run.py took 0.194 seconds
[2023-06-20T00:47:54.322+0000] {processor.py:153} INFO - Started process (PID=247) to work on /opt/airflow/dags/dbt_run.py
[2023-06-20T00:47:54.325+0000] {processor.py:743} INFO - Processing file /opt/airflow/dags/dbt_run.py for tasks to queue
[2023-06-20T00:47:54.327+0000] {logging_mixin.py:137} INFO - [2023-06-20T00:47:54.327+0000] {dagbag.py:532} INFO - Filling up the DagBag from /opt/airflow/dags/dbt_run.py
[2023-06-20T00:47:54.358+0000] {processor.py:753} INFO - DAG(s) dict_keys(['showpulse_dbt_dag']) retrieved from /opt/airflow/dags/dbt_run.py
[2023-06-20T00:47:54.385+0000] {logging_mixin.py:137} INFO - [2023-06-20T00:47:54.385+0000] {dag.py:2705} INFO - Sync 1 DAGs
[2023-06-20T00:47:54.404+0000] {logging_mixin.py:137} INFO - [2023-06-20T00:47:54.404+0000] {dag.py:3456} INFO - Setting next_dagrun for showpulse_dbt_dag to 2023-06-20T00:00:00+00:00, run_after=2023-06-20T01:00:00+00:00
[2023-06-20T00:47:54.416+0000] {processor.py:175} INFO - Processing /opt/airflow/dags/dbt_run.py took 0.101 seconds
[2023-06-20T00:48:25.312+0000] {processor.py:153} INFO - Started process (PID=260) to work on /opt/airflow/dags/dbt_run.py
[2023-06-20T00:48:25.316+0000] {processor.py:743} INFO - Processing file /opt/airflow/dags/dbt_run.py for tasks to queue
[2023-06-20T00:48:25.318+0000] {logging_mixin.py:137} INFO - [2023-06-20T00:48:25.318+0000] {dagbag.py:532} INFO - Filling up the DagBag from /opt/airflow/dags/dbt_run.py
[2023-06-20T00:48:25.349+0000] {processor.py:753} INFO - DAG(s) dict_keys(['showpulse_dbt_dag']) retrieved from /opt/airflow/dags/dbt_run.py
[2023-06-20T00:48:25.372+0000] {logging_mixin.py:137} INFO - [2023-06-20T00:48:25.372+0000] {dag.py:2705} INFO - Sync 1 DAGs
[2023-06-20T00:48:25.392+0000] {logging_mixin.py:137} INFO - [2023-06-20T00:48:25.392+0000] {dag.py:3456} INFO - Setting next_dagrun for showpulse_dbt_dag to 2023-06-20T00:00:00+00:00, run_after=2023-06-20T01:00:00+00:00
[2023-06-20T00:48:25.404+0000] {processor.py:175} INFO - Processing /opt/airflow/dags/dbt_run.py took 0.100 seconds
[2023-06-20T01:06:31.811+0000] {processor.py:153} INFO - Started process (PID=38) to work on /opt/airflow/dags/dbt_run.py
[2023-06-20T01:06:31.823+0000] {processor.py:743} INFO - Processing file /opt/airflow/dags/dbt_run.py for tasks to queue
[2023-06-20T01:06:31.831+0000] {logging_mixin.py:137} INFO - [2023-06-20T01:06:31.830+0000] {dagbag.py:532} INFO - Filling up the DagBag from /opt/airflow/dags/dbt_run.py
[2023-06-20T01:06:31.892+0000] {logging_mixin.py:137} INFO - [2023-06-20T01:06:31.882+0000] {dagbag.py:438} ERROR - Failed to bag_dag: /opt/airflow/dags/dbt_run.py
Traceback (most recent call last):
  File "/home/airflow/.local/lib/python3.7/site-packages/airflow/timetables/_cron.py", line 88, in validate
    croniter(self._expression)
  File "/home/airflow/.local/lib/python3.7/site-packages/croniter/croniter.py", line 166, in __init__
    self.expanded, self.nth_weekday_of_month = self.expand(expr_format, hash_id=hash_id)
  File "/home/airflow/.local/lib/python3.7/site-packages/croniter/croniter.py", line 778, in expand
    return cls._expand(expr_format, hash_id=hash_id)
  File "/home/airflow/.local/lib/python3.7/site-packages/croniter/croniter.py", line 624, in _expand
    raise CroniterBadCronError(cls.bad_length)
croniter.croniter.CroniterBadCronError: Exactly 5 or 6 columns has to be specified for iterator expression.

During handling of the above exception, another exception occurred:

Traceback (most recent call last):
  File "/home/airflow/.local/lib/python3.7/site-packages/airflow/models/dagbag.py", line 435, in _process_modules
    dag.validate()
  File "/home/airflow/.local/lib/python3.7/site-packages/airflow/models/dag.py", line 669, in validate
    self.timetable.validate()
  File "/home/airflow/.local/lib/python3.7/site-packages/airflow/timetables/_cron.py", line 90, in validate
    raise AirflowTimetableInvalid(str(e))
airflow.exceptions.AirflowTimetableInvalid: Exactly 5 or 6 columns has to be specified for iterator expression.
[2023-06-20T01:06:31.915+0000] {processor.py:755} WARNING - No viable dags retrieved from /opt/airflow/dags/dbt_run.py
[2023-06-20T01:06:31.996+0000] {processor.py:175} INFO - Processing /opt/airflow/dags/dbt_run.py took 0.194 seconds
[2023-06-20T01:07:02.785+0000] {processor.py:153} INFO - Started process (PID=51) to work on /opt/airflow/dags/dbt_run.py
[2023-06-20T01:07:02.787+0000] {processor.py:743} INFO - Processing file /opt/airflow/dags/dbt_run.py for tasks to queue
[2023-06-20T01:07:02.789+0000] {logging_mixin.py:137} INFO - [2023-06-20T01:07:02.789+0000] {dagbag.py:532} INFO - Filling up the DagBag from /opt/airflow/dags/dbt_run.py
[2023-06-20T01:07:02.817+0000] {logging_mixin.py:137} INFO - [2023-06-20T01:07:02.813+0000] {dagbag.py:438} ERROR - Failed to bag_dag: /opt/airflow/dags/dbt_run.py
Traceback (most recent call last):
  File "/home/airflow/.local/lib/python3.7/site-packages/airflow/timetables/_cron.py", line 88, in validate
    croniter(self._expression)
  File "/home/airflow/.local/lib/python3.7/site-packages/croniter/croniter.py", line 166, in __init__
    self.expanded, self.nth_weekday_of_month = self.expand(expr_format, hash_id=hash_id)
  File "/home/airflow/.local/lib/python3.7/site-packages/croniter/croniter.py", line 778, in expand
    return cls._expand(expr_format, hash_id=hash_id)
  File "/home/airflow/.local/lib/python3.7/site-packages/croniter/croniter.py", line 624, in _expand
    raise CroniterBadCronError(cls.bad_length)
croniter.croniter.CroniterBadCronError: Exactly 5 or 6 columns has to be specified for iterator expression.

During handling of the above exception, another exception occurred:

Traceback (most recent call last):
  File "/home/airflow/.local/lib/python3.7/site-packages/airflow/models/dagbag.py", line 435, in _process_modules
    dag.validate()
  File "/home/airflow/.local/lib/python3.7/site-packages/airflow/models/dag.py", line 669, in validate
    self.timetable.validate()
  File "/home/airflow/.local/lib/python3.7/site-packages/airflow/timetables/_cron.py", line 90, in validate
    raise AirflowTimetableInvalid(str(e))
airflow.exceptions.AirflowTimetableInvalid: Exactly 5 or 6 columns has to be specified for iterator expression.
[2023-06-20T01:07:02.818+0000] {processor.py:755} WARNING - No viable dags retrieved from /opt/airflow/dags/dbt_run.py
[2023-06-20T01:07:02.841+0000] {processor.py:175} INFO - Processing /opt/airflow/dags/dbt_run.py took 0.061 seconds
[2023-06-20T01:07:32.987+0000] {processor.py:153} INFO - Started process (PID=64) to work on /opt/airflow/dags/dbt_run.py
[2023-06-20T01:07:32.990+0000] {processor.py:743} INFO - Processing file /opt/airflow/dags/dbt_run.py for tasks to queue
[2023-06-20T01:07:32.991+0000] {logging_mixin.py:137} INFO - [2023-06-20T01:07:32.991+0000] {dagbag.py:532} INFO - Filling up the DagBag from /opt/airflow/dags/dbt_run.py
[2023-06-20T01:07:33.013+0000] {logging_mixin.py:137} INFO - [2023-06-20T01:07:33.011+0000] {dagbag.py:438} ERROR - Failed to bag_dag: /opt/airflow/dags/dbt_run.py
Traceback (most recent call last):
  File "/home/airflow/.local/lib/python3.7/site-packages/airflow/timetables/_cron.py", line 88, in validate
    croniter(self._expression)
  File "/home/airflow/.local/lib/python3.7/site-packages/croniter/croniter.py", line 166, in __init__
    self.expanded, self.nth_weekday_of_month = self.expand(expr_format, hash_id=hash_id)
  File "/home/airflow/.local/lib/python3.7/site-packages/croniter/croniter.py", line 778, in expand
    return cls._expand(expr_format, hash_id=hash_id)
  File "/home/airflow/.local/lib/python3.7/site-packages/croniter/croniter.py", line 624, in _expand
    raise CroniterBadCronError(cls.bad_length)
croniter.croniter.CroniterBadCronError: Exactly 5 or 6 columns has to be specified for iterator expression.

During handling of the above exception, another exception occurred:

Traceback (most recent call last):
  File "/home/airflow/.local/lib/python3.7/site-packages/airflow/models/dagbag.py", line 435, in _process_modules
    dag.validate()
  File "/home/airflow/.local/lib/python3.7/site-packages/airflow/models/dag.py", line 669, in validate
    self.timetable.validate()
  File "/home/airflow/.local/lib/python3.7/site-packages/airflow/timetables/_cron.py", line 90, in validate
    raise AirflowTimetableInvalid(str(e))
airflow.exceptions.AirflowTimetableInvalid: Exactly 5 or 6 columns has to be specified for iterator expression.
[2023-06-20T01:07:33.014+0000] {processor.py:755} WARNING - No viable dags retrieved from /opt/airflow/dags/dbt_run.py
[2023-06-20T01:07:33.033+0000] {processor.py:175} INFO - Processing /opt/airflow/dags/dbt_run.py took 0.053 seconds
[2023-06-20T01:07:52.871+0000] {processor.py:153} INFO - Started process (PID=77) to work on /opt/airflow/dags/dbt_run.py
[2023-06-20T01:07:52.874+0000] {processor.py:743} INFO - Processing file /opt/airflow/dags/dbt_run.py for tasks to queue
[2023-06-20T01:07:52.875+0000] {logging_mixin.py:137} INFO - [2023-06-20T01:07:52.875+0000] {dagbag.py:532} INFO - Filling up the DagBag from /opt/airflow/dags/dbt_run.py
[2023-06-20T01:07:52.883+0000] {logging_mixin.py:137} INFO - [2023-06-20T01:07:52.882+0000] {dagbag.py:341} ERROR - Failed to import: /opt/airflow/dags/dbt_run.py
Traceback (most recent call last):
  File "/home/airflow/.local/lib/python3.7/site-packages/airflow/models/dagbag.py", line 337, in parse
    loader.exec_module(new_module)
  File "<frozen importlib._bootstrap_external>", line 724, in exec_module
  File "<frozen importlib._bootstrap_external>", line 860, in get_code
  File "<frozen importlib._bootstrap_external>", line 791, in source_to_code
  File "<frozen importlib._bootstrap>", line 219, in _call_with_frames_removed
  File "/opt/airflow/dags/dbt_run.py", line 16
    start_date=datetime(2023,6,17),
             ^
SyntaxError: invalid syntax
[2023-06-20T01:07:52.884+0000] {processor.py:755} WARNING - No viable dags retrieved from /opt/airflow/dags/dbt_run.py
[2023-06-20T01:07:52.908+0000] {processor.py:175} INFO - Processing /opt/airflow/dags/dbt_run.py took 0.042 seconds
[2023-06-20T01:07:53.894+0000] {processor.py:153} INFO - Started process (PID=78) to work on /opt/airflow/dags/dbt_run.py
[2023-06-20T01:07:53.896+0000] {processor.py:743} INFO - Processing file /opt/airflow/dags/dbt_run.py for tasks to queue
[2023-06-20T01:07:53.897+0000] {logging_mixin.py:137} INFO - [2023-06-20T01:07:53.897+0000] {dagbag.py:532} INFO - Filling up the DagBag from /opt/airflow/dags/dbt_run.py
[2023-06-20T01:07:53.920+0000] {logging_mixin.py:137} INFO - [2023-06-20T01:07:53.917+0000] {dagbag.py:341} ERROR - Failed to import: /opt/airflow/dags/dbt_run.py
Traceback (most recent call last):
  File "/home/airflow/.local/lib/python3.7/site-packages/airflow/models/dagbag.py", line 337, in parse
    loader.exec_module(new_module)
  File "<frozen importlib._bootstrap_external>", line 728, in exec_module
  File "<frozen importlib._bootstrap>", line 219, in _call_with_frames_removed
  File "/opt/airflow/dags/dbt_run.py", line 15, in <module>
    schedule_interval=timedelta(minutes=1),
NameError: name 'timedelta' is not defined
[2023-06-20T01:07:53.921+0000] {processor.py:755} WARNING - No viable dags retrieved from /opt/airflow/dags/dbt_run.py
[2023-06-20T01:07:53.951+0000] {processor.py:175} INFO - Processing /opt/airflow/dags/dbt_run.py took 0.062 seconds
[2023-06-20T01:07:59.024+0000] {processor.py:153} INFO - Started process (PID=79) to work on /opt/airflow/dags/dbt_run.py
[2023-06-20T01:07:59.027+0000] {processor.py:743} INFO - Processing file /opt/airflow/dags/dbt_run.py for tasks to queue
[2023-06-20T01:07:59.029+0000] {logging_mixin.py:137} INFO - [2023-06-20T01:07:59.028+0000] {dagbag.py:532} INFO - Filling up the DagBag from /opt/airflow/dags/dbt_run.py
[2023-06-20T01:07:59.061+0000] {processor.py:753} INFO - DAG(s) dict_keys(['showpulse_dbt_dag']) retrieved from /opt/airflow/dags/dbt_run.py
[2023-06-20T01:07:59.113+0000] {logging_mixin.py:137} INFO - [2023-06-20T01:07:59.113+0000] {dag.py:2705} INFO - Sync 1 DAGs
[2023-06-20T01:07:59.130+0000] {logging_mixin.py:137} INFO - [2023-06-20T01:07:59.130+0000] {dag.py:3456} INFO - Setting next_dagrun for showpulse_dbt_dag to 2023-06-20T01:06:59.130209+00:00, run_after=2023-06-20T01:07:59.130209+00:00
[2023-06-20T01:07:59.147+0000] {processor.py:175} INFO - Processing /opt/airflow/dags/dbt_run.py took 0.128 seconds
[2023-06-20T01:08:29.356+0000] {processor.py:153} INFO - Started process (PID=92) to work on /opt/airflow/dags/dbt_run.py
[2023-06-20T01:08:29.358+0000] {processor.py:743} INFO - Processing file /opt/airflow/dags/dbt_run.py for tasks to queue
[2023-06-20T01:08:29.359+0000] {logging_mixin.py:137} INFO - [2023-06-20T01:08:29.359+0000] {dagbag.py:532} INFO - Filling up the DagBag from /opt/airflow/dags/dbt_run.py
[2023-06-20T01:08:29.387+0000] {processor.py:753} INFO - DAG(s) dict_keys(['showpulse_dbt_dag']) retrieved from /opt/airflow/dags/dbt_run.py
[2023-06-20T01:08:29.431+0000] {logging_mixin.py:137} INFO - [2023-06-20T01:08:29.431+0000] {dag.py:2705} INFO - Sync 1 DAGs
[2023-06-20T01:08:29.459+0000] {logging_mixin.py:137} INFO - [2023-06-20T01:08:29.459+0000] {dag.py:3456} INFO - Setting next_dagrun for showpulse_dbt_dag to 2023-06-20T01:07:59.130209+00:00, run_after=2023-06-20T01:08:59.130209+00:00
[2023-06-20T01:08:29.475+0000] {processor.py:175} INFO - Processing /opt/airflow/dags/dbt_run.py took 0.123 seconds
[2023-06-20T01:09:00.294+0000] {processor.py:153} INFO - Started process (PID=105) to work on /opt/airflow/dags/dbt_run.py
[2023-06-20T01:09:00.296+0000] {processor.py:743} INFO - Processing file /opt/airflow/dags/dbt_run.py for tasks to queue
[2023-06-20T01:09:00.298+0000] {logging_mixin.py:137} INFO - [2023-06-20T01:09:00.297+0000] {dagbag.py:532} INFO - Filling up the DagBag from /opt/airflow/dags/dbt_run.py
[2023-06-20T01:09:00.322+0000] {processor.py:753} INFO - DAG(s) dict_keys(['showpulse_dbt_dag']) retrieved from /opt/airflow/dags/dbt_run.py
[2023-06-20T01:09:00.371+0000] {logging_mixin.py:137} INFO - [2023-06-20T01:09:00.371+0000] {dag.py:2705} INFO - Sync 1 DAGs
[2023-06-20T01:09:00.428+0000] {processor.py:175} INFO - Processing /opt/airflow/dags/dbt_run.py took 0.141 seconds
[2023-06-20T01:09:30.582+0000] {processor.py:153} INFO - Started process (PID=118) to work on /opt/airflow/dags/dbt_run.py
[2023-06-20T01:09:30.585+0000] {processor.py:743} INFO - Processing file /opt/airflow/dags/dbt_run.py for tasks to queue
[2023-06-20T01:09:30.586+0000] {logging_mixin.py:137} INFO - [2023-06-20T01:09:30.586+0000] {dagbag.py:532} INFO - Filling up the DagBag from /opt/airflow/dags/dbt_run.py
[2023-06-20T01:09:30.609+0000] {processor.py:753} INFO - DAG(s) dict_keys(['showpulse_dbt_dag']) retrieved from /opt/airflow/dags/dbt_run.py
[2023-06-20T01:09:30.635+0000] {logging_mixin.py:137} INFO - [2023-06-20T01:09:30.635+0000] {dag.py:2705} INFO - Sync 1 DAGs
[2023-06-20T01:09:30.657+0000] {logging_mixin.py:137} INFO - [2023-06-20T01:09:30.656+0000] {dag.py:3456} INFO - Setting next_dagrun for showpulse_dbt_dag to 2023-06-20T01:08:59.130209+00:00, run_after=2023-06-20T01:09:59.130209+00:00
[2023-06-20T01:09:30.671+0000] {processor.py:175} INFO - Processing /opt/airflow/dags/dbt_run.py took 0.093 seconds
[2023-06-20T01:10:01.585+0000] {processor.py:153} INFO - Started process (PID=131) to work on /opt/airflow/dags/dbt_run.py
[2023-06-20T01:10:01.587+0000] {processor.py:743} INFO - Processing file /opt/airflow/dags/dbt_run.py for tasks to queue
[2023-06-20T01:10:01.588+0000] {logging_mixin.py:137} INFO - [2023-06-20T01:10:01.588+0000] {dagbag.py:532} INFO - Filling up the DagBag from /opt/airflow/dags/dbt_run.py
[2023-06-20T01:10:01.616+0000] {processor.py:753} INFO - DAG(s) dict_keys(['showpulse_dbt_dag']) retrieved from /opt/airflow/dags/dbt_run.py
[2023-06-20T01:10:01.675+0000] {logging_mixin.py:137} INFO - [2023-06-20T01:10:01.675+0000] {dag.py:2705} INFO - Sync 1 DAGs
[2023-06-20T01:10:01.712+0000] {processor.py:175} INFO - Processing /opt/airflow/dags/dbt_run.py took 0.133 seconds
[2023-06-20T01:10:32.717+0000] {processor.py:153} INFO - Started process (PID=144) to work on /opt/airflow/dags/dbt_run.py
[2023-06-20T01:10:32.719+0000] {processor.py:743} INFO - Processing file /opt/airflow/dags/dbt_run.py for tasks to queue
[2023-06-20T01:10:32.722+0000] {logging_mixin.py:137} INFO - [2023-06-20T01:10:32.721+0000] {dagbag.py:532} INFO - Filling up the DagBag from /opt/airflow/dags/dbt_run.py
[2023-06-20T01:10:32.772+0000] {processor.py:753} INFO - DAG(s) dict_keys(['showpulse_dbt_dag']) retrieved from /opt/airflow/dags/dbt_run.py
[2023-06-20T01:10:32.821+0000] {logging_mixin.py:137} INFO - [2023-06-20T01:10:32.821+0000] {dag.py:2705} INFO - Sync 1 DAGs
[2023-06-20T01:10:32.856+0000] {logging_mixin.py:137} INFO - [2023-06-20T01:10:32.856+0000] {dag.py:3456} INFO - Setting next_dagrun for showpulse_dbt_dag to 2023-06-20T01:09:59.130209+00:00, run_after=2023-06-20T01:10:59.130209+00:00
[2023-06-20T01:10:32.876+0000] {processor.py:175} INFO - Processing /opt/airflow/dags/dbt_run.py took 0.164 seconds
[2023-06-20T01:11:03.621+0000] {processor.py:153} INFO - Started process (PID=157) to work on /opt/airflow/dags/dbt_run.py
[2023-06-20T01:11:03.624+0000] {processor.py:743} INFO - Processing file /opt/airflow/dags/dbt_run.py for tasks to queue
[2023-06-20T01:11:03.626+0000] {logging_mixin.py:137} INFO - [2023-06-20T01:11:03.626+0000] {dagbag.py:532} INFO - Filling up the DagBag from /opt/airflow/dags/dbt_run.py
[2023-06-20T01:11:03.663+0000] {processor.py:753} INFO - DAG(s) dict_keys(['showpulse_dbt_dag']) retrieved from /opt/airflow/dags/dbt_run.py
[2023-06-20T01:11:03.719+0000] {logging_mixin.py:137} INFO - [2023-06-20T01:11:03.718+0000] {dag.py:2705} INFO - Sync 1 DAGs
[2023-06-20T01:11:03.765+0000] {processor.py:175} INFO - Processing /opt/airflow/dags/dbt_run.py took 0.150 seconds
[2023-06-20T01:11:34.290+0000] {processor.py:153} INFO - Started process (PID=170) to work on /opt/airflow/dags/dbt_run.py
[2023-06-20T01:11:34.291+0000] {processor.py:743} INFO - Processing file /opt/airflow/dags/dbt_run.py for tasks to queue
[2023-06-20T01:11:34.292+0000] {logging_mixin.py:137} INFO - [2023-06-20T01:11:34.292+0000] {dagbag.py:532} INFO - Filling up the DagBag from /opt/airflow/dags/dbt_run.py
[2023-06-20T01:11:34.314+0000] {processor.py:753} INFO - DAG(s) dict_keys(['showpulse_dbt_dag']) retrieved from /opt/airflow/dags/dbt_run.py
[2023-06-20T01:11:34.342+0000] {logging_mixin.py:137} INFO - [2023-06-20T01:11:34.342+0000] {dag.py:2705} INFO - Sync 1 DAGs
[2023-06-20T01:11:34.365+0000] {logging_mixin.py:137} INFO - [2023-06-20T01:11:34.364+0000] {dag.py:3456} INFO - Setting next_dagrun for showpulse_dbt_dag to 2023-06-20T01:10:59.130209+00:00, run_after=2023-06-20T01:11:59.130209+00:00
[2023-06-20T01:11:34.382+0000] {processor.py:175} INFO - Processing /opt/airflow/dags/dbt_run.py took 0.096 seconds
[2023-06-20T01:12:05.326+0000] {processor.py:153} INFO - Started process (PID=183) to work on /opt/airflow/dags/dbt_run.py
[2023-06-20T01:12:05.327+0000] {processor.py:743} INFO - Processing file /opt/airflow/dags/dbt_run.py for tasks to queue
[2023-06-20T01:12:05.329+0000] {logging_mixin.py:137} INFO - [2023-06-20T01:12:05.329+0000] {dagbag.py:532} INFO - Filling up the DagBag from /opt/airflow/dags/dbt_run.py
[2023-06-20T01:12:05.358+0000] {processor.py:753} INFO - DAG(s) dict_keys(['showpulse_dbt_dag']) retrieved from /opt/airflow/dags/dbt_run.py
[2023-06-20T01:12:05.387+0000] {logging_mixin.py:137} INFO - [2023-06-20T01:12:05.387+0000] {dag.py:2705} INFO - Sync 1 DAGs
[2023-06-20T01:12:05.429+0000] {processor.py:175} INFO - Processing /opt/airflow/dags/dbt_run.py took 0.109 seconds
[2023-06-20T01:12:36.455+0000] {processor.py:153} INFO - Started process (PID=196) to work on /opt/airflow/dags/dbt_run.py
[2023-06-20T01:12:36.459+0000] {processor.py:743} INFO - Processing file /opt/airflow/dags/dbt_run.py for tasks to queue
[2023-06-20T01:12:36.461+0000] {logging_mixin.py:137} INFO - [2023-06-20T01:12:36.461+0000] {dagbag.py:532} INFO - Filling up the DagBag from /opt/airflow/dags/dbt_run.py
[2023-06-20T01:12:36.496+0000] {processor.py:753} INFO - DAG(s) dict_keys(['showpulse_dbt_dag']) retrieved from /opt/airflow/dags/dbt_run.py
[2023-06-20T01:12:36.526+0000] {logging_mixin.py:137} INFO - [2023-06-20T01:12:36.526+0000] {dag.py:2705} INFO - Sync 1 DAGs
[2023-06-20T01:12:36.550+0000] {logging_mixin.py:137} INFO - [2023-06-20T01:12:36.550+0000] {dag.py:3456} INFO - Setting next_dagrun for showpulse_dbt_dag to 2023-06-20T01:11:59.130209+00:00, run_after=2023-06-20T01:12:59.130209+00:00
[2023-06-20T01:12:36.566+0000] {processor.py:175} INFO - Processing /opt/airflow/dags/dbt_run.py took 0.118 seconds
[2023-06-20T01:13:07.511+0000] {processor.py:153} INFO - Started process (PID=209) to work on /opt/airflow/dags/dbt_run.py
[2023-06-20T01:13:07.514+0000] {processor.py:743} INFO - Processing file /opt/airflow/dags/dbt_run.py for tasks to queue
[2023-06-20T01:13:07.515+0000] {logging_mixin.py:137} INFO - [2023-06-20T01:13:07.515+0000] {dagbag.py:532} INFO - Filling up the DagBag from /opt/airflow/dags/dbt_run.py
[2023-06-20T01:13:07.558+0000] {processor.py:753} INFO - DAG(s) dict_keys(['showpulse_dbt_dag']) retrieved from /opt/airflow/dags/dbt_run.py
[2023-06-20T01:13:07.589+0000] {logging_mixin.py:137} INFO - [2023-06-20T01:13:07.588+0000] {dag.py:2705} INFO - Sync 1 DAGs
[2023-06-20T01:13:07.640+0000] {processor.py:175} INFO - Processing /opt/airflow/dags/dbt_run.py took 0.133 seconds
[2023-06-20T01:13:38.519+0000] {processor.py:153} INFO - Started process (PID=222) to work on /opt/airflow/dags/dbt_run.py
[2023-06-20T01:13:38.522+0000] {processor.py:743} INFO - Processing file /opt/airflow/dags/dbt_run.py for tasks to queue
[2023-06-20T01:13:38.524+0000] {logging_mixin.py:137} INFO - [2023-06-20T01:13:38.523+0000] {dagbag.py:532} INFO - Filling up the DagBag from /opt/airflow/dags/dbt_run.py
[2023-06-20T01:13:38.575+0000] {processor.py:753} INFO - DAG(s) dict_keys(['showpulse_dbt_dag']) retrieved from /opt/airflow/dags/dbt_run.py
[2023-06-20T01:13:38.628+0000] {logging_mixin.py:137} INFO - [2023-06-20T01:13:38.628+0000] {dag.py:2705} INFO - Sync 1 DAGs
[2023-06-20T01:13:38.663+0000] {logging_mixin.py:137} INFO - [2023-06-20T01:13:38.663+0000] {dag.py:3456} INFO - Setting next_dagrun for showpulse_dbt_dag to 2023-06-20T01:12:59.130209+00:00, run_after=2023-06-20T01:13:59.130209+00:00
[2023-06-20T01:13:38.683+0000] {processor.py:175} INFO - Processing /opt/airflow/dags/dbt_run.py took 0.174 seconds
[2023-06-20T01:14:09.637+0000] {processor.py:153} INFO - Started process (PID=235) to work on /opt/airflow/dags/dbt_run.py
[2023-06-20T01:14:09.639+0000] {processor.py:743} INFO - Processing file /opt/airflow/dags/dbt_run.py for tasks to queue
[2023-06-20T01:14:09.640+0000] {logging_mixin.py:137} INFO - [2023-06-20T01:14:09.640+0000] {dagbag.py:532} INFO - Filling up the DagBag from /opt/airflow/dags/dbt_run.py
[2023-06-20T01:14:09.662+0000] {processor.py:753} INFO - DAG(s) dict_keys(['showpulse_dbt_dag']) retrieved from /opt/airflow/dags/dbt_run.py
[2023-06-20T01:14:09.689+0000] {logging_mixin.py:137} INFO - [2023-06-20T01:14:09.689+0000] {dag.py:2705} INFO - Sync 1 DAGs
[2023-06-20T01:14:09.880+0000] {processor.py:175} INFO - Processing /opt/airflow/dags/dbt_run.py took 0.247 seconds
[2023-06-20T01:14:40.737+0000] {processor.py:153} INFO - Started process (PID=248) to work on /opt/airflow/dags/dbt_run.py
[2023-06-20T01:14:40.740+0000] {processor.py:743} INFO - Processing file /opt/airflow/dags/dbt_run.py for tasks to queue
[2023-06-20T01:14:40.742+0000] {logging_mixin.py:137} INFO - [2023-06-20T01:14:40.742+0000] {dagbag.py:532} INFO - Filling up the DagBag from /opt/airflow/dags/dbt_run.py
[2023-06-20T01:14:40.773+0000] {processor.py:753} INFO - DAG(s) dict_keys(['showpulse_dbt_dag']) retrieved from /opt/airflow/dags/dbt_run.py
[2023-06-20T01:14:40.806+0000] {logging_mixin.py:137} INFO - [2023-06-20T01:14:40.806+0000] {dag.py:2705} INFO - Sync 1 DAGs
[2023-06-20T01:14:40.832+0000] {logging_mixin.py:137} INFO - [2023-06-20T01:14:40.832+0000] {dag.py:3456} INFO - Setting next_dagrun for showpulse_dbt_dag to 2023-06-20T01:13:59.130209+00:00, run_after=2023-06-20T01:14:59.130209+00:00
[2023-06-20T01:14:40.859+0000] {processor.py:175} INFO - Processing /opt/airflow/dags/dbt_run.py took 0.128 seconds
[2023-06-20T01:15:11.885+0000] {processor.py:153} INFO - Started process (PID=261) to work on /opt/airflow/dags/dbt_run.py
[2023-06-20T01:15:11.888+0000] {processor.py:743} INFO - Processing file /opt/airflow/dags/dbt_run.py for tasks to queue
[2023-06-20T01:15:11.889+0000] {logging_mixin.py:137} INFO - [2023-06-20T01:15:11.889+0000] {dagbag.py:532} INFO - Filling up the DagBag from /opt/airflow/dags/dbt_run.py
[2023-06-20T01:15:11.916+0000] {processor.py:753} INFO - DAG(s) dict_keys(['showpulse_dbt_dag']) retrieved from /opt/airflow/dags/dbt_run.py
[2023-06-20T01:15:11.943+0000] {logging_mixin.py:137} INFO - [2023-06-20T01:15:11.943+0000] {dag.py:2705} INFO - Sync 1 DAGs
[2023-06-20T01:15:11.965+0000] {logging_mixin.py:137} INFO - [2023-06-20T01:15:11.965+0000] {dag.py:3456} INFO - Setting next_dagrun for showpulse_dbt_dag to 2023-06-20T01:14:59.130209+00:00, run_after=2023-06-20T01:15:59.130209+00:00
[2023-06-20T01:15:11.981+0000] {processor.py:175} INFO - Processing /opt/airflow/dags/dbt_run.py took 0.103 seconds
[2023-06-20T01:15:42.927+0000] {processor.py:153} INFO - Started process (PID=274) to work on /opt/airflow/dags/dbt_run.py
[2023-06-20T01:15:42.929+0000] {processor.py:743} INFO - Processing file /opt/airflow/dags/dbt_run.py for tasks to queue
[2023-06-20T01:15:42.930+0000] {logging_mixin.py:137} INFO - [2023-06-20T01:15:42.930+0000] {dagbag.py:532} INFO - Filling up the DagBag from /opt/airflow/dags/dbt_run.py
[2023-06-20T01:15:42.949+0000] {processor.py:753} INFO - DAG(s) dict_keys(['showpulse_dbt_dag']) retrieved from /opt/airflow/dags/dbt_run.py
[2023-06-20T01:15:42.970+0000] {logging_mixin.py:137} INFO - [2023-06-20T01:15:42.970+0000] {dag.py:2705} INFO - Sync 1 DAGs
[2023-06-20T01:15:42.988+0000] {logging_mixin.py:137} INFO - [2023-06-20T01:15:42.988+0000] {dag.py:3456} INFO - Setting next_dagrun for showpulse_dbt_dag to 2023-06-20T01:14:59.130209+00:00, run_after=2023-06-20T01:15:59.130209+00:00
[2023-06-20T01:15:43.000+0000] {processor.py:175} INFO - Processing /opt/airflow/dags/dbt_run.py took 0.077 seconds
[2023-06-20T01:16:13.179+0000] {processor.py:153} INFO - Started process (PID=287) to work on /opt/airflow/dags/dbt_run.py
[2023-06-20T01:16:13.181+0000] {processor.py:743} INFO - Processing file /opt/airflow/dags/dbt_run.py for tasks to queue
[2023-06-20T01:16:13.182+0000] {logging_mixin.py:137} INFO - [2023-06-20T01:16:13.182+0000] {dagbag.py:532} INFO - Filling up the DagBag from /opt/airflow/dags/dbt_run.py
[2023-06-20T01:16:13.199+0000] {processor.py:753} INFO - DAG(s) dict_keys(['showpulse_dbt_dag']) retrieved from /opt/airflow/dags/dbt_run.py
[2023-06-20T01:16:13.219+0000] {logging_mixin.py:137} INFO - [2023-06-20T01:16:13.219+0000] {dag.py:2705} INFO - Sync 1 DAGs
[2023-06-20T01:16:13.239+0000] {logging_mixin.py:137} INFO - [2023-06-20T01:16:13.239+0000] {dag.py:3456} INFO - Setting next_dagrun for showpulse_dbt_dag to 2023-06-20T01:15:59.130209+00:00, run_after=2023-06-20T01:16:59.130209+00:00
[2023-06-20T01:16:13.256+0000] {processor.py:175} INFO - Processing /opt/airflow/dags/dbt_run.py took 0.080 seconds
[2023-06-20T01:16:44.175+0000] {processor.py:153} INFO - Started process (PID=300) to work on /opt/airflow/dags/dbt_run.py
[2023-06-20T01:16:44.178+0000] {processor.py:743} INFO - Processing file /opt/airflow/dags/dbt_run.py for tasks to queue
[2023-06-20T01:16:44.180+0000] {logging_mixin.py:137} INFO - [2023-06-20T01:16:44.179+0000] {dagbag.py:532} INFO - Filling up the DagBag from /opt/airflow/dags/dbt_run.py
[2023-06-20T01:16:44.225+0000] {processor.py:753} INFO - DAG(s) dict_keys(['showpulse_dbt_dag']) retrieved from /opt/airflow/dags/dbt_run.py
[2023-06-20T01:16:44.257+0000] {logging_mixin.py:137} INFO - [2023-06-20T01:16:44.257+0000] {dag.py:2705} INFO - Sync 1 DAGs
[2023-06-20T01:16:44.278+0000] {logging_mixin.py:137} INFO - [2023-06-20T01:16:44.278+0000] {dag.py:3456} INFO - Setting next_dagrun for showpulse_dbt_dag to 2023-06-20T01:15:59.130209+00:00, run_after=2023-06-20T01:16:59.130209+00:00
[2023-06-20T01:16:44.291+0000] {processor.py:175} INFO - Processing /opt/airflow/dags/dbt_run.py took 0.125 seconds
[2023-06-20T01:17:15.006+0000] {processor.py:153} INFO - Started process (PID=313) to work on /opt/airflow/dags/dbt_run.py
[2023-06-20T01:17:15.013+0000] {processor.py:743} INFO - Processing file /opt/airflow/dags/dbt_run.py for tasks to queue
[2023-06-20T01:17:15.019+0000] {logging_mixin.py:137} INFO - [2023-06-20T01:17:15.018+0000] {dagbag.py:532} INFO - Filling up the DagBag from /opt/airflow/dags/dbt_run.py
[2023-06-20T01:17:15.071+0000] {processor.py:753} INFO - DAG(s) dict_keys(['showpulse_dbt_dag']) retrieved from /opt/airflow/dags/dbt_run.py
[2023-06-20T01:17:15.110+0000] {logging_mixin.py:137} INFO - [2023-06-20T01:17:15.110+0000] {dag.py:2705} INFO - Sync 1 DAGs
[2023-06-20T01:17:15.139+0000] {logging_mixin.py:137} INFO - [2023-06-20T01:17:15.139+0000] {dag.py:3456} INFO - Setting next_dagrun for showpulse_dbt_dag to 2023-06-20T01:16:59.130209+00:00, run_after=2023-06-20T01:17:59.130209+00:00
[2023-06-20T01:17:15.154+0000] {processor.py:175} INFO - Processing /opt/airflow/dags/dbt_run.py took 0.170 seconds
[2023-06-20T01:17:46.087+0000] {processor.py:153} INFO - Started process (PID=326) to work on /opt/airflow/dags/dbt_run.py
[2023-06-20T01:17:46.091+0000] {processor.py:743} INFO - Processing file /opt/airflow/dags/dbt_run.py for tasks to queue
[2023-06-20T01:17:46.092+0000] {logging_mixin.py:137} INFO - [2023-06-20T01:17:46.092+0000] {dagbag.py:532} INFO - Filling up the DagBag from /opt/airflow/dags/dbt_run.py
[2023-06-20T01:17:46.136+0000] {processor.py:753} INFO - DAG(s) dict_keys(['showpulse_dbt_dag']) retrieved from /opt/airflow/dags/dbt_run.py
[2023-06-20T01:17:46.201+0000] {logging_mixin.py:137} INFO - [2023-06-20T01:17:46.201+0000] {dag.py:2705} INFO - Sync 1 DAGs
[2023-06-20T01:17:46.227+0000] {logging_mixin.py:137} INFO - [2023-06-20T01:17:46.227+0000] {dag.py:3456} INFO - Setting next_dagrun for showpulse_dbt_dag to 2023-06-20T01:16:59.130209+00:00, run_after=2023-06-20T01:17:59.130209+00:00
[2023-06-20T01:17:46.244+0000] {processor.py:175} INFO - Processing /opt/airflow/dags/dbt_run.py took 0.164 seconds
[2023-06-20T01:18:16.950+0000] {processor.py:153} INFO - Started process (PID=339) to work on /opt/airflow/dags/dbt_run.py
[2023-06-20T01:18:16.953+0000] {processor.py:743} INFO - Processing file /opt/airflow/dags/dbt_run.py for tasks to queue
[2023-06-20T01:18:16.955+0000] {logging_mixin.py:137} INFO - [2023-06-20T01:18:16.954+0000] {dagbag.py:532} INFO - Filling up the DagBag from /opt/airflow/dags/dbt_run.py
[2023-06-20T01:18:16.988+0000] {processor.py:753} INFO - DAG(s) dict_keys(['showpulse_dbt_dag']) retrieved from /opt/airflow/dags/dbt_run.py
[2023-06-20T01:18:17.028+0000] {logging_mixin.py:137} INFO - [2023-06-20T01:18:17.027+0000] {dag.py:2705} INFO - Sync 1 DAGs
[2023-06-20T01:18:17.055+0000] {logging_mixin.py:137} INFO - [2023-06-20T01:18:17.055+0000] {dag.py:3456} INFO - Setting next_dagrun for showpulse_dbt_dag to 2023-06-20T01:17:59.130209+00:00, run_after=2023-06-20T01:18:59.130209+00:00
[2023-06-20T01:18:17.072+0000] {processor.py:175} INFO - Processing /opt/airflow/dags/dbt_run.py took 0.129 seconds
[2023-06-20T01:18:47.773+0000] {processor.py:153} INFO - Started process (PID=352) to work on /opt/airflow/dags/dbt_run.py
[2023-06-20T01:18:47.776+0000] {processor.py:743} INFO - Processing file /opt/airflow/dags/dbt_run.py for tasks to queue
[2023-06-20T01:18:47.777+0000] {logging_mixin.py:137} INFO - [2023-06-20T01:18:47.777+0000] {dagbag.py:532} INFO - Filling up the DagBag from /opt/airflow/dags/dbt_run.py
[2023-06-20T01:18:47.806+0000] {processor.py:753} INFO - DAG(s) dict_keys(['showpulse_dbt_dag']) retrieved from /opt/airflow/dags/dbt_run.py
[2023-06-20T01:18:47.855+0000] {logging_mixin.py:137} INFO - [2023-06-20T01:18:47.855+0000] {dag.py:2705} INFO - Sync 1 DAGs
[2023-06-20T01:18:47.876+0000] {logging_mixin.py:137} INFO - [2023-06-20T01:18:47.876+0000] {dag.py:3456} INFO - Setting next_dagrun for showpulse_dbt_dag to 2023-06-20T01:17:59.130209+00:00, run_after=2023-06-20T01:18:59.130209+00:00
[2023-06-20T01:18:47.892+0000] {processor.py:175} INFO - Processing /opt/airflow/dags/dbt_run.py took 0.124 seconds
[2023-06-20T01:19:18.516+0000] {processor.py:153} INFO - Started process (PID=365) to work on /opt/airflow/dags/dbt_run.py
[2023-06-20T01:19:18.519+0000] {processor.py:743} INFO - Processing file /opt/airflow/dags/dbt_run.py for tasks to queue
[2023-06-20T01:19:18.520+0000] {logging_mixin.py:137} INFO - [2023-06-20T01:19:18.520+0000] {dagbag.py:532} INFO - Filling up the DagBag from /opt/airflow/dags/dbt_run.py
[2023-06-20T01:19:18.563+0000] {processor.py:753} INFO - DAG(s) dict_keys(['showpulse_dbt_dag']) retrieved from /opt/airflow/dags/dbt_run.py
[2023-06-20T01:19:18.594+0000] {logging_mixin.py:137} INFO - [2023-06-20T01:19:18.594+0000] {dag.py:2705} INFO - Sync 1 DAGs
[2023-06-20T01:19:18.618+0000] {logging_mixin.py:137} INFO - [2023-06-20T01:19:18.618+0000] {dag.py:3456} INFO - Setting next_dagrun for showpulse_dbt_dag to 2023-06-20T01:18:59.130209+00:00, run_after=2023-06-20T01:19:59.130209+00:00
[2023-06-20T01:19:18.633+0000] {processor.py:175} INFO - Processing /opt/airflow/dags/dbt_run.py took 0.123 seconds
[2023-06-20T01:19:49.239+0000] {processor.py:153} INFO - Started process (PID=378) to work on /opt/airflow/dags/dbt_run.py
[2023-06-20T01:19:49.242+0000] {processor.py:743} INFO - Processing file /opt/airflow/dags/dbt_run.py for tasks to queue
[2023-06-20T01:19:49.243+0000] {logging_mixin.py:137} INFO - [2023-06-20T01:19:49.243+0000] {dagbag.py:532} INFO - Filling up the DagBag from /opt/airflow/dags/dbt_run.py
[2023-06-20T01:19:49.275+0000] {processor.py:753} INFO - DAG(s) dict_keys(['showpulse_dbt_dag']) retrieved from /opt/airflow/dags/dbt_run.py
[2023-06-20T01:19:49.317+0000] {logging_mixin.py:137} INFO - [2023-06-20T01:19:49.317+0000] {dag.py:2705} INFO - Sync 1 DAGs
[2023-06-20T01:19:49.347+0000] {logging_mixin.py:137} INFO - [2023-06-20T01:19:49.347+0000] {dag.py:3456} INFO - Setting next_dagrun for showpulse_dbt_dag to 2023-06-20T01:18:59.130209+00:00, run_after=2023-06-20T01:19:59.130209+00:00
[2023-06-20T01:19:49.365+0000] {processor.py:175} INFO - Processing /opt/airflow/dags/dbt_run.py took 0.134 seconds
[2023-06-20T01:20:19.845+0000] {processor.py:153} INFO - Started process (PID=391) to work on /opt/airflow/dags/dbt_run.py
[2023-06-20T01:20:19.847+0000] {processor.py:743} INFO - Processing file /opt/airflow/dags/dbt_run.py for tasks to queue
[2023-06-20T01:20:19.849+0000] {logging_mixin.py:137} INFO - [2023-06-20T01:20:19.848+0000] {dagbag.py:532} INFO - Filling up the DagBag from /opt/airflow/dags/dbt_run.py
[2023-06-20T01:20:19.896+0000] {processor.py:753} INFO - DAG(s) dict_keys(['showpulse_dbt_dag']) retrieved from /opt/airflow/dags/dbt_run.py
[2023-06-20T01:20:19.934+0000] {logging_mixin.py:137} INFO - [2023-06-20T01:20:19.934+0000] {dag.py:2705} INFO - Sync 1 DAGs
[2023-06-20T01:20:19.963+0000] {logging_mixin.py:137} INFO - [2023-06-20T01:20:19.963+0000] {dag.py:3456} INFO - Setting next_dagrun for showpulse_dbt_dag to 2023-06-20T01:19:59.130209+00:00, run_after=2023-06-20T01:20:59.130209+00:00
[2023-06-20T01:20:19.979+0000] {processor.py:175} INFO - Processing /opt/airflow/dags/dbt_run.py took 0.138 seconds
[2023-06-20T01:20:50.170+0000] {processor.py:153} INFO - Started process (PID=404) to work on /opt/airflow/dags/dbt_run.py
[2023-06-20T01:20:50.175+0000] {processor.py:743} INFO - Processing file /opt/airflow/dags/dbt_run.py for tasks to queue
[2023-06-20T01:20:50.177+0000] {logging_mixin.py:137} INFO - [2023-06-20T01:20:50.177+0000] {dagbag.py:532} INFO - Filling up the DagBag from /opt/airflow/dags/dbt_run.py
[2023-06-20T01:20:50.203+0000] {processor.py:753} INFO - DAG(s) dict_keys(['showpulse_dbt_dag']) retrieved from /opt/airflow/dags/dbt_run.py
[2023-06-20T01:20:50.233+0000] {logging_mixin.py:137} INFO - [2023-06-20T01:20:50.233+0000] {dag.py:2705} INFO - Sync 1 DAGs
[2023-06-20T01:20:50.259+0000] {logging_mixin.py:137} INFO - [2023-06-20T01:20:50.259+0000] {dag.py:3456} INFO - Setting next_dagrun for showpulse_dbt_dag to 2023-06-20T01:19:59.130209+00:00, run_after=2023-06-20T01:20:59.130209+00:00
[2023-06-20T01:20:50.274+0000] {processor.py:175} INFO - Processing /opt/airflow/dags/dbt_run.py took 0.113 seconds
